<?xml version="1.0" encoding="UTF-8"?>
<!-- Generated by org.testng.reporters.JUnitReportReporter -->
<testsuite hostname="DESKTOP-OJK1NBL" failures="0" tests="1" name="FreeStyle1.FreeStyle" time="2.252" errors="0" timestamp="2021-09-13T20:21:22 IST" skipped="0">
  <testcase classname="FreeStyle1.FreeStyle" name="automate" time="2.252"/>
  <system-out/>
</testsuite> <!-- FreeStyle1.FreeStyle -->
