<?xml version="1.0" encoding="UTF-8"?>
<!-- Generated by org.testng.reporters.JUnitReportReporter -->
<testsuite hostname="DESKTOP-OJK1NBL" failures="0" tests="1" name="FreeStyle1.FreeStyle" time="1.901" errors="0" timestamp="2021-09-09T16:41:06 IST" skipped="0">
  <testcase classname="FreeStyle1.FreeStyle" name="automate" time="1.901"/>
  <system-out/>
</testsuite> <!-- FreeStyle1.FreeStyle -->
